2021-09-11 13:41:50,473 INFO  [org.jboss.modules] (main) JBoss Modules version 1.10.1.Final
2021-09-11 13:41:51,029 INFO  [org.jboss.msc] (main) JBoss MSC version 1.4.11.Final
2021-09-11 13:41:51,039 INFO  [org.jboss.threads] (main) JBoss Threads version 2.3.3.Final
2021-09-11 13:41:51,179 INFO  [org.jboss.as] (MSC service thread 1-2) WFLYSRV0049: Keycloak 11.0.2 (WildFly Core 12.0.3.Final) starting
2021-09-11 13:41:51,182 DEBUG [org.jboss.as.config] (MSC service thread 1-2) Configured system properties:
	[Standalone] = 
	awt.toolkit = sun.awt.X11.XToolkit
	awt.useSystemAAFontSettings = on
	file.encoding = UTF-8
	file.separator = /
	java.awt.graphicsenv = sun.awt.X11GraphicsEnvironment
	java.awt.headless = true
	java.awt.printerjob = sun.print.PSPrinterJob
	java.class.path = /home/stahp/Desktop/octo-assessment/keycloak-11.0.2/jboss-modules.jar
	java.class.version = 55.0
	java.home = /usr/lib/jvm/java-11-openjdk-amd64
	java.io.tmpdir = /tmp
	java.library.path = /usr/java/packages/lib:/usr/lib/x86_64-linux-gnu/jni:/lib/x86_64-linux-gnu:/usr/lib/x86_64-linux-gnu:/usr/lib/jni:/lib:/usr/lib
	java.net.preferIPv4Stack = true
	java.runtime.name = OpenJDK Runtime Environment
	java.runtime.version = 11.0.12+7-post-Debian-2
	java.specification.name = Java Platform API Specification
	java.specification.vendor = Oracle Corporation
	java.specification.version = 11
	java.util.logging.manager = org.jboss.logmanager.LogManager
	java.vendor = Debian
	java.vendor.url = https://tracker.debian.org/openjdk-11
	java.vendor.url.bug = https://bugs.debian.org/openjdk-11
	java.version = 11.0.12
	java.version.date = 2021-07-20
	java.vm.compressedOopsMode = 32-bit
	java.vm.info = mixed mode, sharing
	java.vm.name = OpenJDK 64-Bit Server VM
	java.vm.specification.name = Java Virtual Machine Specification
	java.vm.specification.vendor = Oracle Corporation
	java.vm.specification.version = 11
	java.vm.vendor = Debian
	java.vm.version = 11.0.12+7-post-Debian-2
	javax.management.builder.initial = org.jboss.as.jmx.PluggableMBeanServerBuilder
	jboss.home.dir = /home/stahp/Desktop/octo-assessment/keycloak-11.0.2
	jboss.host.name = kali
	jboss.modules.dir = /home/stahp/Desktop/octo-assessment/keycloak-11.0.2/modules
	jboss.modules.system.pkgs = org.jboss.byteman
	jboss.node.name = kali
	jboss.qualified.host.name = kali
	jboss.server.base.dir = /home/stahp/Desktop/octo-assessment/keycloak-11.0.2/standalone
	jboss.server.config.dir = /home/stahp/Desktop/octo-assessment/keycloak-11.0.2/standalone/configuration
	jboss.server.data.dir = /home/stahp/Desktop/octo-assessment/keycloak-11.0.2/standalone/data
	jboss.server.deploy.dir = /home/stahp/Desktop/octo-assessment/keycloak-11.0.2/standalone/data/content
	jboss.server.log.dir = /home/stahp/Desktop/octo-assessment/keycloak-11.0.2/standalone/log
	jboss.server.name = kali
	jboss.server.persist.config = true
	jboss.server.temp.dir = /home/stahp/Desktop/octo-assessment/keycloak-11.0.2/standalone/tmp
	jdk.debug = release
	line.separator = 

	logging.configuration = file:/home/stahp/Desktop/octo-assessment/keycloak-11.0.2/standalone/configuration/logging.properties
	module.path = /home/stahp/Desktop/octo-assessment/keycloak-11.0.2/modules
	org.jboss.boot.log.file = /home/stahp/Desktop/octo-assessment/keycloak-11.0.2/standalone/log/server.log
	org.jboss.resolver.warning = true
	os.arch = amd64
	os.name = Linux
	os.version = 5.10.0-kali7-amd64
	path.separator = :
	sun.arch.data.model = 64
	sun.boot.library.path = /usr/lib/jvm/java-11-openjdk-amd64/lib
	sun.cpu.endian = little
	sun.cpu.isalist = 
	sun.desktop = gnome
	sun.io.unicode.encoding = UnicodeLittle
	sun.java.command = /home/stahp/Desktop/octo-assessment/keycloak-11.0.2/jboss-modules.jar -mp /home/stahp/Desktop/octo-assessment/keycloak-11.0.2/modules org.jboss.as.standalone -Djboss.home.dir=/home/stahp/Desktop/octo-assessment/keycloak-11.0.2 -Djboss.server.base.dir=/home/stahp/Desktop/octo-assessment/keycloak-11.0.2/standalone
	sun.java.launcher = SUN_STANDARD
	sun.jnu.encoding = UTF-8
	sun.management.compiler = HotSpot 64-Bit Tiered Compilers
	sun.os.patch.level = unknown
	swing.aatext = true
	user.country = US
	user.dir = /home/stahp/Desktop/octo-assessment/keycloak-11.0.2/bin
	user.home = /home/stahp
	user.language = en
	user.name = stahp
	user.timezone = US/Eastern
2021-09-11 13:41:51,184 DEBUG [org.jboss.as.config] (MSC service thread 1-2) VM Arguments: -D[Standalone] -Xms64m -Xmx512m -XX:MetaspaceSize=96M -XX:MaxMetaspaceSize=256m -Djava.net.preferIPv4Stack=true -Djboss.modules.system.pkgs=org.jboss.byteman -Djava.awt.headless=true --add-exports=java.base/sun.nio.ch=ALL-UNNAMED --add-exports=jdk.unsupported/sun.misc=ALL-UNNAMED --add-exports=jdk.unsupported/sun.reflect=ALL-UNNAMED -Dorg.jboss.boot.log.file=/home/stahp/Desktop/octo-assessment/keycloak-11.0.2/standalone/log/server.log -Dlogging.configuration=file:/home/stahp/Desktop/octo-assessment/keycloak-11.0.2/standalone/configuration/logging.properties -Dawt.useSystemAAFontSettings=on -Dswing.aatext=true 
2021-09-11 13:41:51,945 INFO  [org.wildfly.security] (ServerService Thread Pool -- 20) ELY00001: WildFly Elytron version 1.12.1.Final
2021-09-11 13:41:52,553 INFO  [org.jboss.as.controller.management-deprecated] (Controller Boot Thread) WFLYCTL0028: Attribute 'security-realm' in the resource at address '/core-service=management/management-interface=http-interface' is deprecated, and may be removed in a future version. See the attribute description in the output of the read-resource-description operation to learn more about the deprecation.
2021-09-11 13:41:52,594 INFO  [org.jboss.as.controller.management-deprecated] (ServerService Thread Pool -- 21) WFLYCTL0028: Attribute 'security-realm' in the resource at address '/subsystem=undertow/server=default-server/https-listener=https' is deprecated, and may be removed in a future version. See the attribute description in the output of the read-resource-description operation to learn more about the deprecation.
2021-09-11 13:41:52,717 INFO  [org.jboss.as.server] (Controller Boot Thread) WFLYSRV0039: Creating http management service using socket-binding (management-http)
2021-09-11 13:41:52,736 INFO  [org.xnio] (MSC service thread 1-6) XNIO version 3.8.1.Final
2021-09-11 13:41:52,745 INFO  [org.xnio.nio] (MSC service thread 1-6) XNIO NIO Implementation Version 3.8.1.Final
2021-09-11 13:41:52,792 INFO  [org.jboss.as.clustering.infinispan] (ServerService Thread Pool -- 37) WFLYCLINF0001: Activating Infinispan subsystem.
2021-09-11 13:41:52,790 INFO  [org.wildfly.extension.io] (ServerService Thread Pool -- 36) WFLYIO001: Worker 'default' has auto-configured to 16 IO threads with 128 max task threads based on your 8 available processors
2021-09-11 13:41:52,810 INFO  [org.jboss.as.naming] (ServerService Thread Pool -- 43) WFLYNAM0001: Activating Naming Subsystem
2021-09-11 13:41:52,813 INFO  [org.jboss.remoting] (MSC service thread 1-4) JBoss Remoting version 5.0.18.Final
2021-09-11 13:41:52,822 INFO  [org.jboss.as.security] (ServerService Thread Pool -- 48) WFLYSEC0002: Activating Security Subsystem
2021-09-11 13:41:52,837 INFO  [org.wildfly.extension.microprofile.config.smallrye._private] (ServerService Thread Pool -- 51) WFLYCONF0001: Activating WildFly MicroProfile Config Subsystem
2021-09-11 13:41:52,810 INFO  [org.jboss.as.connector] (MSC service thread 1-6) WFLYJCA0009: Starting JCA Subsystem (WildFly/IronJacamar 1.4.22.Final)
2021-09-11 13:41:52,805 WARN  [org.jboss.as.txn] (ServerService Thread Pool -- 49) WFLYTX0013: The node-identifier attribute on the /subsystem=transactions is set to the default value. This is a danger for environments running multiple servers. Please make sure the attribute value is unique.
2021-09-11 13:41:52,820 INFO  [org.jboss.as.jaxrs] (ServerService Thread Pool -- 38) WFLYRS0016: RESTEasy version 3.12.1.Final
2021-09-11 13:41:52,830 INFO  [org.jboss.as.connector.subsystems.datasources] (ServerService Thread Pool -- 32) WFLYJCA0004: Deploying JDBC-compliant driver class org.h2.Driver (version 1.4)
2021-09-11 13:41:52,832 INFO  [org.jboss.as.security] (MSC service thread 1-3) WFLYSEC0001: Current PicketBox version=5.0.3.Final-redhat-00005
2021-09-11 13:41:52,841 INFO  [org.jboss.as.naming] (MSC service thread 1-1) WFLYNAM0003: Starting Naming Service
2021-09-11 13:41:52,855 INFO  [org.jboss.as.mail.extension] (MSC service thread 1-6) WFLYMAIL0001: Bound mail session [java:jboss/mail/Default]
2021-09-11 13:41:52,855 INFO  [org.jboss.as.connector.deployers.jdbc] (MSC service thread 1-7) WFLYJCA0018: Started Driver service with driver-name = h2
2021-09-11 13:41:52,864 INFO  [org.wildfly.extension.microprofile.health.smallrye] (ServerService Thread Pool -- 52) WFLYHEALTH0001: Activating Eclipse MicroProfile Health Subsystem
2021-09-11 13:41:52,865 INFO  [org.wildfly.extension.microprofile.metrics.smallrye] (ServerService Thread Pool -- 53) WFLYMETRICS0001: Activating Eclipse MicroProfile Metrics Subsystem
2021-09-11 13:41:52,893 INFO  [org.wildfly.extension.undertow] (MSC service thread 1-1) WFLYUT0003: Undertow 2.1.3.Final starting
2021-09-11 13:41:52,979 WARN  [org.wildfly.clustering.web.undertow] (ServerService Thread Pool -- 54) WFLYCLWEBUT0007: No routing provider found for default-server; using legacy provider based on static configuration
2021-09-11 13:41:53,038 INFO  [org.jboss.as.ejb3] (MSC service thread 1-3) WFLYEJB0481: Strict pool slsb-strict-max-pool is using a max instance size of 128 (per class), which is derived from thread worker pool sizing.
2021-09-11 13:41:53,043 INFO  [org.jboss.as.ejb3] (MSC service thread 1-1) WFLYEJB0482: Strict pool mdb-strict-max-pool is using a max instance size of 32 (per class), which is derived from the number of CPUs on this host.
2021-09-11 13:41:53,081 INFO  [org.wildfly.extension.undertow] (ServerService Thread Pool -- 54) WFLYUT0014: Creating file handler for path '/home/stahp/Desktop/octo-assessment/keycloak-11.0.2/welcome-content' with options [directory-listing: 'false', follow-symlink: 'false', case-sensitive: 'true', safe-symlink-paths: '[]']
2021-09-11 13:41:53,085 INFO  [org.wildfly.extension.undertow] (MSC service thread 1-1) WFLYUT0012: Started server default-server.
2021-09-11 13:41:53,087 INFO  [org.wildfly.extension.undertow] (MSC service thread 1-5) WFLYUT0018: Host default-host starting
2021-09-11 13:41:53,190 INFO  [org.wildfly.extension.undertow] (MSC service thread 1-7) WFLYUT0006: Undertow HTTP listener default listening on 127.0.0.1:8080
2021-09-11 13:41:53,279 INFO  [org.jboss.as.ejb3] (MSC service thread 1-2) WFLYEJB0493: EJB subsystem suspension complete
2021-09-11 13:41:53,346 INFO  [org.jboss.as.connector.subsystems.datasources] (MSC service thread 1-8) WFLYJCA0001: Bound data source [java:jboss/datasources/ExampleDS]
2021-09-11 13:41:53,347 INFO  [org.jboss.as.connector.subsystems.datasources] (MSC service thread 1-5) WFLYJCA0001: Bound data source [java:jboss/datasources/KeycloakDS]
2021-09-11 13:41:53,394 INFO  [org.jboss.as.patching] (MSC service thread 1-2) WFLYPAT0050: Keycloak cumulative patch ID is: base, one-off patches include: none
2021-09-11 13:41:53,416 WARN  [org.jboss.as.domain.management.security] (MSC service thread 1-6) WFLYDM0111: Keystore /home/stahp/Desktop/octo-assessment/keycloak-11.0.2/standalone/configuration/application.keystore not found, it will be auto generated on first use with a self signed certificate for host localhost
