2021-01-08 16:56:18,527 INFO  [org.jboss.modules] (main) JBoss Modules version 1.10.1.Final
2021-01-08 16:56:19,435 INFO  [org.jboss.msc] (main) JBoss MSC version 1.4.11.Final
2021-01-08 16:56:19,446 INFO  [org.jboss.threads] (main) JBoss Threads version 2.3.3.Final
2021-01-08 16:56:19,605 INFO  [org.jboss.as] (MSC service thread 1-2) WFLYSRV0049: Keycloak 11.0.2 (WildFly Core 12.0.3.Final) starting
2021-01-08 16:56:19,607 DEBUG [org.jboss.as.config] (MSC service thread 1-2) Configured system properties:
	[Standalone] = 
	awt.toolkit = sun.awt.X11.XToolkit
	file.encoding = UTF-8
	file.encoding.pkg = sun.io
	file.separator = /
	java.awt.graphicsenv = sun.awt.X11GraphicsEnvironment
	java.awt.headless = true
	java.awt.printerjob = sun.print.PSPrinterJob
	java.class.path = /home/youssouf/Desktop/Stahp/octo-assessment-main/keycloak-11.0.2/jboss-modules.jar
	java.class.version = 52.0
	java.endorsed.dirs = /usr/lib/jvm/java-8-openjdk-amd64/jre/lib/endorsed
	java.ext.dirs = /usr/lib/jvm/java-8-openjdk-amd64/jre/lib/ext:/usr/java/packages/lib/ext
	java.home = /usr/lib/jvm/java-8-openjdk-amd64/jre
	java.io.tmpdir = /tmp
	java.library.path = /usr/java/packages/lib/amd64:/usr/lib/x86_64-linux-gnu/jni:/lib/x86_64-linux-gnu:/usr/lib/x86_64-linux-gnu:/usr/lib/jni:/lib:/usr/lib
	java.net.preferIPv4Stack = true
	java.runtime.name = OpenJDK Runtime Environment
	java.runtime.version = 1.8.0_275-8u275-b01-0ubuntu1~20.04-b01
	java.specification.name = Java Platform API Specification
	java.specification.vendor = Oracle Corporation
	java.specification.version = 1.8
	java.util.logging.manager = org.jboss.logmanager.LogManager
	java.vendor = Private Build
	java.vendor.url = http://java.oracle.com/
	java.vendor.url.bug = http://bugreport.sun.com/bugreport/
	java.version = 1.8.0_275
	java.vm.info = mixed mode
	java.vm.name = OpenJDK 64-Bit Server VM
	java.vm.specification.name = Java Virtual Machine Specification
	java.vm.specification.vendor = Oracle Corporation
	java.vm.specification.version = 1.8
	java.vm.vendor = Private Build
	java.vm.version = 25.275-b01
	javax.management.builder.initial = org.jboss.as.jmx.PluggableMBeanServerBuilder
	jboss.home.dir = /home/youssouf/Desktop/Stahp/octo-assessment-main/keycloak-11.0.2
	jboss.host.name = youssouf-hp-probook-640-g1
	jboss.modules.dir = /home/youssouf/Desktop/Stahp/octo-assessment-main/keycloak-11.0.2/modules
	jboss.modules.system.pkgs = org.jboss.byteman
	jboss.node.name = youssouf-hp-probook-640-g1
	jboss.qualified.host.name = youssouf-hp-probook-640-g1
	jboss.server.base.dir = /home/youssouf/Desktop/Stahp/octo-assessment-main/keycloak-11.0.2/standalone
	jboss.server.config.dir = /home/youssouf/Desktop/Stahp/octo-assessment-main/keycloak-11.0.2/standalone/configuration
	jboss.server.data.dir = /home/youssouf/Desktop/Stahp/octo-assessment-main/keycloak-11.0.2/standalone/data
	jboss.server.deploy.dir = /home/youssouf/Desktop/Stahp/octo-assessment-main/keycloak-11.0.2/standalone/data/content
	jboss.server.log.dir = /home/youssouf/Desktop/Stahp/octo-assessment-main/keycloak-11.0.2/standalone/log
	jboss.server.name = youssouf-hp-probook-640-g1
	jboss.server.persist.config = true
	jboss.server.temp.dir = /home/youssouf/Desktop/Stahp/octo-assessment-main/keycloak-11.0.2/standalone/tmp
	line.separator = 

	logging.configuration = file:/home/youssouf/Desktop/Stahp/octo-assessment-main/keycloak-11.0.2/standalone/configuration/logging.properties
	module.path = /home/youssouf/Desktop/Stahp/octo-assessment-main/keycloak-11.0.2/modules
	org.jboss.boot.log.file = /home/youssouf/Desktop/Stahp/octo-assessment-main/keycloak-11.0.2/standalone/log/server.log
	org.jboss.resolver.warning = true
	os.arch = amd64
	os.name = Linux
	os.version = 5.4.0-58-generic
	path.separator = :
	sun.arch.data.model = 64
	sun.boot.class.path = /usr/lib/jvm/java-8-openjdk-amd64/jre/lib/resources.jar:/usr/lib/jvm/java-8-openjdk-amd64/jre/lib/rt.jar:/usr/lib/jvm/java-8-openjdk-amd64/jre/lib/sunrsasign.jar:/usr/lib/jvm/java-8-openjdk-amd64/jre/lib/jsse.jar:/usr/lib/jvm/java-8-openjdk-amd64/jre/lib/jce.jar:/usr/lib/jvm/java-8-openjdk-amd64/jre/lib/charsets.jar:/usr/lib/jvm/java-8-openjdk-amd64/jre/lib/jfr.jar:/usr/lib/jvm/java-8-openjdk-amd64/jre/classes
	sun.boot.library.path = /usr/lib/jvm/java-8-openjdk-amd64/jre/lib/amd64
	sun.cpu.endian = little
	sun.cpu.isalist = 
	sun.desktop = gnome
	sun.io.unicode.encoding = UnicodeLittle
	sun.java.command = /home/youssouf/Desktop/Stahp/octo-assessment-main/keycloak-11.0.2/jboss-modules.jar -mp /home/youssouf/Desktop/Stahp/octo-assessment-main/keycloak-11.0.2/modules org.jboss.as.standalone -Djboss.home.dir=/home/youssouf/Desktop/Stahp/octo-assessment-main/keycloak-11.0.2 -Djboss.server.base.dir=/home/youssouf/Desktop/Stahp/octo-assessment-main/keycloak-11.0.2/standalone
	sun.java.launcher = SUN_STANDARD
	sun.jnu.encoding = UTF-8
	sun.management.compiler = HotSpot 64-Bit Tiered Compilers
	sun.os.patch.level = unknown
	user.country = CA
	user.dir = /home/youssouf/Desktop/Stahp/octo-assessment-main/keycloak-11.0.2/bin
	user.home = /home/youssouf
	user.language = en
	user.name = youssouf
	user.timezone = America/Toronto
2021-01-08 16:56:19,607 DEBUG [org.jboss.as.config] (MSC service thread 1-2) VM Arguments: -D[Standalone] -Xms64m -Xmx512m -XX:MetaspaceSize=96M -XX:MaxMetaspaceSize=256m -Djava.net.preferIPv4Stack=true -Djboss.modules.system.pkgs=org.jboss.byteman -Djava.awt.headless=true -Dorg.jboss.boot.log.file=/home/youssouf/Desktop/Stahp/octo-assessment-main/keycloak-11.0.2/standalone/log/server.log -Dlogging.configuration=file:/home/youssouf/Desktop/Stahp/octo-assessment-main/keycloak-11.0.2/standalone/configuration/logging.properties 
2021-01-08 16:56:20,595 INFO  [org.wildfly.security] (ServerService Thread Pool -- 15) ELY00001: WildFly Elytron version 1.12.1.Final
2021-01-08 16:56:21,287 INFO  [org.jboss.as.controller.management-deprecated] (Controller Boot Thread) WFLYCTL0028: Attribute 'security-realm' in the resource at address '/core-service=management/management-interface=http-interface' is deprecated, and may be removed in a future version. See the attribute description in the output of the read-resource-description operation to learn more about the deprecation.
2021-01-08 16:56:21,352 INFO  [org.jboss.as.controller.management-deprecated] (ServerService Thread Pool -- 27) WFLYCTL0028: Attribute 'security-realm' in the resource at address '/subsystem=undertow/server=default-server/https-listener=https' is deprecated, and may be removed in a future version. See the attribute description in the output of the read-resource-description operation to learn more about the deprecation.
2021-01-08 16:56:21,459 INFO  [org.jboss.as.server] (Controller Boot Thread) WFLYSRV0039: Creating http management service using socket-binding (management-http)
2021-01-08 16:56:21,489 INFO  [org.xnio] (MSC service thread 1-1) XNIO version 3.8.1.Final
2021-01-08 16:56:21,504 INFO  [org.xnio.nio] (MSC service thread 1-1) XNIO NIO Implementation Version 3.8.1.Final
2021-01-08 16:56:21,592 INFO  [org.wildfly.extension.io] (ServerService Thread Pool -- 36) WFLYIO001: Worker 'default' has auto-configured to 8 IO threads with 64 max task threads based on your 4 available processors
2021-01-08 16:56:21,610 INFO  [org.jboss.as.clustering.infinispan] (ServerService Thread Pool -- 37) WFLYCLINF0001: Activating Infinispan subsystem.
2021-01-08 16:56:21,610 INFO  [org.jboss.as.connector.subsystems.datasources] (ServerService Thread Pool -- 32) WFLYJCA0004: Deploying JDBC-compliant driver class org.h2.Driver (version 1.4)
2021-01-08 16:56:21,637 INFO  [org.jboss.as.jaxrs] (ServerService Thread Pool -- 38) WFLYRS0016: RESTEasy version 3.12.1.Final
2021-01-08 16:56:21,649 INFO  [org.jboss.as.connector] (MSC service thread 1-3) WFLYJCA0009: Starting JCA Subsystem (WildFly/IronJacamar 1.4.22.Final)
2021-01-08 16:56:21,651 INFO  [org.jboss.as.connector.deployers.jdbc] (MSC service thread 1-5) WFLYJCA0018: Started Driver service with driver-name = h2
2021-01-08 16:56:21,673 INFO  [org.jboss.remoting] (MSC service thread 1-2) JBoss Remoting version 5.0.18.Final
2021-01-08 16:56:21,701 INFO  [org.jboss.as.naming] (ServerService Thread Pool -- 43) WFLYNAM0001: Activating Naming Subsystem
2021-01-08 16:56:21,747 WARN  [org.jboss.as.txn] (ServerService Thread Pool -- 49) WFLYTX0013: The node-identifier attribute on the /subsystem=transactions is set to the default value. This is a danger for environments running multiple servers. Please make sure the attribute value is unique.
2021-01-08 16:56:21,760 INFO  [org.jboss.as.security] (ServerService Thread Pool -- 48) WFLYSEC0002: Activating Security Subsystem
2021-01-08 16:56:21,768 INFO  [org.wildfly.extension.microprofile.config.smallrye._private] (ServerService Thread Pool -- 51) WFLYCONF0001: Activating WildFly MicroProfile Config Subsystem
2021-01-08 16:56:21,787 INFO  [org.wildfly.extension.microprofile.health.smallrye] (ServerService Thread Pool -- 52) WFLYHEALTH0001: Activating Eclipse MicroProfile Health Subsystem
2021-01-08 16:56:21,790 INFO  [org.jboss.as.security] (MSC service thread 1-5) WFLYSEC0001: Current PicketBox version=5.0.3.Final-redhat-00005
2021-01-08 16:56:21,829 INFO  [org.wildfly.extension.undertow] (MSC service thread 1-4) WFLYUT0003: Undertow 2.1.3.Final starting
2021-01-08 16:56:21,870 INFO  [org.wildfly.extension.microprofile.metrics.smallrye] (ServerService Thread Pool -- 53) WFLYMETRICS0001: Activating Eclipse MicroProfile Metrics Subsystem
2021-01-08 16:56:21,881 INFO  [org.jboss.as.naming] (MSC service thread 1-4) WFLYNAM0003: Starting Naming Service
2021-01-08 16:56:21,892 INFO  [org.jboss.as.mail.extension] (MSC service thread 1-7) WFLYMAIL0001: Bound mail session [java:jboss/mail/Default]
2021-01-08 16:56:21,911 WARN  [org.wildfly.clustering.web.undertow] (ServerService Thread Pool -- 54) WFLYCLWEBUT0007: No routing provider found for default-server; using legacy provider based on static configuration
2021-01-08 16:56:22,204 INFO  [org.jboss.as.ejb3] (MSC service thread 1-6) WFLYEJB0481: Strict pool slsb-strict-max-pool is using a max instance size of 64 (per class), which is derived from thread worker pool sizing.
2021-01-08 16:56:22,206 INFO  [org.jboss.as.ejb3] (MSC service thread 1-5) WFLYEJB0482: Strict pool mdb-strict-max-pool is using a max instance size of 16 (per class), which is derived from the number of CPUs on this host.
2021-01-08 16:56:22,355 INFO  [org.wildfly.extension.undertow] (ServerService Thread Pool -- 54) WFLYUT0014: Creating file handler for path '/home/youssouf/Desktop/Stahp/octo-assessment-main/keycloak-11.0.2/welcome-content' with options [directory-listing: 'false', follow-symlink: 'false', case-sensitive: 'true', safe-symlink-paths: '[]']
2021-01-08 16:56:22,406 INFO  [org.wildfly.extension.undertow] (MSC service thread 1-2) WFLYUT0012: Started server default-server.
2021-01-08 16:56:22,415 INFO  [org.wildfly.extension.undertow] (MSC service thread 1-1) WFLYUT0018: Host default-host starting
2021-01-08 16:56:22,578 INFO  [org.wildfly.extension.undertow] (MSC service thread 1-8) WFLYUT0006: Undertow HTTP listener default listening on 127.0.0.1:8080
2021-01-08 16:56:22,665 INFO  [org.jboss.as.ejb3] (MSC service thread 1-7) WFLYEJB0493: EJB subsystem suspension complete
2021-01-08 16:56:22,708 INFO  [org.jboss.as.patching] (MSC service thread 1-1) WFLYPAT0050: Keycloak cumulative patch ID is: base, one-off patches include: none
2021-01-08 16:56:22,722 WARN  [org.jboss.as.domain.management.security] (MSC service thread 1-7) WFLYDM0111: Keystore /home/youssouf/Desktop/Stahp/octo-assessment-main/keycloak-11.0.2/standalone/configuration/application.keystore not found, it will be auto generated on first use with a self signed certificate for host localhost
